<?xml version="1.0" encoding="UTF-8"?>
<testng-results skipped="0" failed="0" ignored="0" total="2" passed="2">
  <reporter-output>
  </reporter-output>
  <suite name="Suite" duration-ms="10384" started-at="2018-05-06T23:57:58Z" finished-at="2018-05-06T23:58:09Z">
    <groups>
      <group name="cucumber">
        <method signature="AbstractTestNGCucumberTests.feature(cucumber.api.testng.CucumberFeatureWrapper)[pri:0, instance:TestRunner.TC01_Login@9e2ad91]" name="feature" class="cucumber.api.testng.AbstractTestNGCucumberTests"/>
        <method signature="AbstractTestNGCucumberTests.feature(cucumber.api.testng.CucumberFeatureWrapper)[pri:0, instance:TestRunner.TC02_Login@64524dd]" name="feature" class="cucumber.api.testng.AbstractTestNGCucumberTests"/>
      </group> <!-- cucumber -->
    </groups>
    <test name="Test" duration-ms="10384" started-at="2018-05-06T23:57:58Z" finished-at="2018-05-06T23:58:09Z">
      <class name="TestRunner.TC01_Login">
        <test-method status="PASS" signature="setUpClass()[pri:0, instance:TestRunner.TC01_Login@9e2ad91]" name="setUpClass" is-config="true" duration-ms="440" started-at="2018-05-06T19:57:58Z" finished-at="2018-05-06T19:57:59Z">
          <reporter-output>
          </reporter-output>
        </test-method> <!-- setUpClass -->
        <test-method status="PASS" signature="feature(cucumber.api.testng.CucumberFeatureWrapper)[pri:0, instance:TestRunner.TC01_Login@9e2ad91]" name="feature" duration-ms="6301" started-at="2018-05-06T19:57:59Z" description="Runs Cucumber Feature" data-provider="features" finished-at="2018-05-06T19:58:05Z">
          <params>
            <param index="0">
              <value>
                <![CDATA[Admin login to HRM home page]]>
              </value>
            </param>
          </params>
          <reporter-output>
          </reporter-output>
        </test-method> <!-- feature -->
        <test-method status="PASS" signature="tearDownClass()[pri:0, instance:TestRunner.TC01_Login@9e2ad91]" name="tearDownClass" is-config="true" duration-ms="3" started-at="2018-05-06T19:58:05Z" finished-at="2018-05-06T19:58:05Z">
          <reporter-output>
          </reporter-output>
        </test-method> <!-- tearDownClass -->
      </class> <!-- TestRunner.TC01_Login -->
      <class name="TestRunner.TC02_Login">
        <test-method status="PASS" signature="setUpClass()[pri:0, instance:TestRunner.TC02_Login@64524dd]" name="setUpClass" is-config="true" duration-ms="12" started-at="2018-05-06T19:58:05Z" finished-at="2018-05-06T19:58:05Z">
          <reporter-output>
          </reporter-output>
        </test-method> <!-- setUpClass -->
        <test-method status="PASS" signature="feature(cucumber.api.testng.CucumberFeatureWrapper)[pri:0, instance:TestRunner.TC02_Login@64524dd]" name="feature" duration-ms="3426" started-at="2018-05-06T19:58:05Z" description="Runs Cucumber Feature" data-provider="features" finished-at="2018-05-06T19:58:09Z">
          <params>
            <param index="0">
              <value>
                <![CDATA[Adminlogin to HRM home page]]>
              </value>
            </param>
          </params>
          <reporter-output>
          </reporter-output>
        </test-method> <!-- feature -->
        <test-method status="PASS" signature="tearDownClass()[pri:0, instance:TestRunner.TC02_Login@64524dd]" name="tearDownClass" is-config="true" duration-ms="1" started-at="2018-05-06T19:58:09Z" finished-at="2018-05-06T19:58:09Z">
          <reporter-output>
          </reporter-output>
        </test-method> <!-- tearDownClass -->
      </class> <!-- TestRunner.TC02_Login -->
    </test> <!-- Test -->
  </suite> <!-- Suite -->
</testng-results>
