<?xml version="1.0" encoding="UTF-8"?>
<testng-results skipped="0" failed="0" ignored="0" total="1" passed="1">
  <reporter-output>
  </reporter-output>
  <suite name="Default suite" duration-ms="8289" started-at="2017-12-21T17:36:50Z" finished-at="2017-12-21T17:36:58Z">
    <groups>
    </groups>
    <test name="Default test" duration-ms="8289" started-at="2017-12-21T17:36:50Z" finished-at="2017-12-21T17:36:58Z">
      <class name="screenShot.Screensot">
        <test-method status="PASS" signature="captureScreenShot()[pri:0, instance:screenShot.Screensot@26f7cdf8]" name="captureScreenShot" duration-ms="8247" started-at="2017-12-21T12:36:50Z" finished-at="2017-12-21T12:36:58Z">
          <reporter-output>
          </reporter-output>
        </test-method> <!-- captureScreenShot -->
      </class> <!-- screenShot.Screensot -->
    </test> <!-- Default test -->
  </suite> <!-- Default suite -->
</testng-results>
